com.laneco.readandbill/build/intermediates/manifest_merge_blame_file/debug/manifest-merger-blame-debug-report.txt
1<?xml version="1.0" encoding="utf-8"?>
2<manifest xmlns:android="http://schemas.android.com/apk/res/android"
3    package="com.laneco.readandbill"
4    android:versionCode="1"
5    android:versionName="1.0" >
6
7    <uses-sdk
7-->laneco_private_code_java\com.laneco.readandbill\AndroidManifest.xml:7:5-9:41
8        android:minSdkVersion="1"
8-->laneco_private_code_java\com.laneco.readandbill\AndroidManifest.xml:8:9-34
9        android:targetSdkVersion="33" />
9-->laneco_private_code_java\com.laneco.readandbill\AndroidManifest.xml:9:9-38
10
11    <uses-permission
11-->laneco_private_code_java\com.laneco.readandbill\AndroidManifest.xml:10:5-80
12        android:name="android.permission.READ_EXTERNAL_STORAGE"
12-->laneco_private_code_java\com.laneco.readandbill\AndroidManifest.xml:10:22-77
13        android:maxSdkVersion="32" />
13-->[:com.androidapp.mytools] AndroidManifest.xml:16:9-35
14    <uses-permission
14-->laneco_private_code_java\com.laneco.readandbill\AndroidManifest.xml:11:5-81
15        android:name="android.permission.WRITE_EXTERNAL_STORAGE"
15-->laneco_private_code_java\com.laneco.readandbill\AndroidManifest.xml:11:22-78
16        android:maxSdkVersion="32" />
16-->[:com.androidapp.mytools] AndroidManifest.xml:19:9-35
17    <uses-permission android:name="android.permission.BLUETOOTH" />
17-->laneco_private_code_java\com.laneco.readandbill\AndroidManifest.xml:12:5-68
17-->laneco_private_code_java\com.laneco.readandbill\AndroidManifest.xml:12:22-65
18    <uses-permission android:name="android.permission.READ_EXTERNAL_STORAGE" />
18-->laneco_private_code_java\com.laneco.readandbill\AndroidManifest.xml:10:5-80
18-->laneco_private_code_java\com.laneco.readandbill\AndroidManifest.xml:10:22-77
19    <uses-permission android:name="android.permission.WRITE_EXTERNAL_STORAGE" />
19-->laneco_private_code_java\com.laneco.readandbill\AndroidManifest.xml:11:5-81
19-->laneco_private_code_java\com.laneco.readandbill\AndroidManifest.xml:11:22-78
20    <uses-permission android:name="android.permission.MANAGE_EXTERNAL_STORAGE" />
20-->laneco_private_code_java\com.laneco.readandbill\AndroidManifest.xml:15:5-16:40
20-->laneco_private_code_java\com.laneco.readandbill\AndroidManifest.xml:15:22-79
21    <uses-permission android:name="android.permission.BLUETOOTH_ADMIN" />
21-->laneco_private_code_java\com.laneco.readandbill\AndroidManifest.xml:18:5-74
21-->laneco_private_code_java\com.laneco.readandbill\AndroidManifest.xml:18:22-71
22
23    <!-- Required from Android 12+ -->
24    <uses-permission
24-->[:com.androidapp.mytools] AndroidManifest.xml:24:5-26:36
25        android:name="android.permission.BLUETOOTH_CONNECT"
25-->[:com.androidapp.mytools] AndroidManifest.xml:25:9-60
26        android:required="false" />
26-->[:com.androidapp.mytools] AndroidManifest.xml:26:9-33
27    <uses-permission
27-->[:com.androidapp.mytools] AndroidManifest.xml:27:5-29:36
28        android:name="android.permission.BLUETOOTH_SCAN"
28-->[:com.androidapp.mytools] AndroidManifest.xml:28:9-57
29        android:required="false" /> <!-- Optional if you're doing device discovery -->
29-->[:com.androidapp.mytools] AndroidManifest.xml:29:9-33
30    <uses-permission android:name="android.permission.BLUETOOTH_ADVERTISE" />
30-->[:com.androidapp.mytools] AndroidManifest.xml:32:5-78
30-->[:com.androidapp.mytools] AndroidManifest.xml:32:22-75
31
32    <application
32-->laneco_private_code_java\com.laneco.readandbill\AndroidManifest.xml:19:5-65:15
33        android:allowBackup="true"
33-->laneco_private_code_java\com.laneco.readandbill\AndroidManifest.xml:19:18-44
34        android:debuggable="true"
35        android:icon="@drawable/genericsplashscreen"
35-->[:com.generic.readandbill] AndroidManifest.xml:20:9-53
36        android:label="@string/app_name"
36-->laneco_private_code_java\com.laneco.readandbill\AndroidManifest.xml:19:45-77
37        android:requestLegacyExternalStorage="true"
37-->laneco_private_code_java\com.laneco.readandbill\AndroidManifest.xml:19:113-156
38        android:testOnly="true"
39        android:theme="@style/AppTheme" >
39-->laneco_private_code_java\com.laneco.readandbill\AndroidManifest.xml:19:78-109
40        <activity
40-->laneco_private_code_java\com.laneco.readandbill\AndroidManifest.xml:22:5-27:16
41            android:name="com.laneco.readandbill.SplashScreen"
41-->laneco_private_code_java\com.laneco.readandbill\AndroidManifest.xml:22:73-123
42            android:exported="true"
42-->laneco_private_code_java\com.laneco.readandbill\AndroidManifest.xml:22:48-71
43            android:label="@string/app_name" >
43-->laneco_private_code_java\com.laneco.readandbill\AndroidManifest.xml:22:15-47
44            <intent-filter>
44-->laneco_private_code_java\com.laneco.readandbill\AndroidManifest.xml:23:9-26:25
45                <action android:name="android.intent.action.MAIN" />
45-->laneco_private_code_java\com.laneco.readandbill\AndroidManifest.xml:24:13-65
45-->laneco_private_code_java\com.laneco.readandbill\AndroidManifest.xml:24:21-62
46
47                <category android:name="android.intent.category.LAUNCHER" />
47-->laneco_private_code_java\com.laneco.readandbill\AndroidManifest.xml:25:13-73
47-->laneco_private_code_java\com.laneco.readandbill\AndroidManifest.xml:25:23-70
48            </intent-filter>
49        </activity>
50        <activity
50-->laneco_private_code_java\com.laneco.readandbill\AndroidManifest.xml:28:5-33:16
51            android:name="com.laneco.readandbill.MyReadingEntry"
51-->laneco_private_code_java\com.laneco.readandbill\AndroidManifest.xml:28:73-125
52            android:exported="true"
52-->laneco_private_code_java\com.laneco.readandbill\AndroidManifest.xml:28:49-72
53            android:label="@string/app_name" >
53-->laneco_private_code_java\com.laneco.readandbill\AndroidManifest.xml:28:15-47
54            <intent-filter>
54-->laneco_private_code_java\com.laneco.readandbill\AndroidManifest.xml:29:9-32:25
55                <action android:name="android.intent.action.READINGENTRY" />
55-->laneco_private_code_java\com.laneco.readandbill\AndroidManifest.xml:30:13-73
55-->laneco_private_code_java\com.laneco.readandbill\AndroidManifest.xml:30:21-70
56
57                <category android:name="android.intent.category.DEFAULT" />
57-->laneco_private_code_java\com.laneco.readandbill\AndroidManifest.xml:31:13-72
57-->laneco_private_code_java\com.laneco.readandbill\AndroidManifest.xml:31:23-69
58            </intent-filter>
59        </activity>
60        <activity
60-->laneco_private_code_java\com.laneco.readandbill\AndroidManifest.xml:34:5-39:16
61            android:name="com.laneco.readandbill.MyFieldFindingEntry"
61-->laneco_private_code_java\com.laneco.readandbill\AndroidManifest.xml:34:73-130
62            android:exported="true"
62-->laneco_private_code_java\com.laneco.readandbill\AndroidManifest.xml:34:49-72
63            android:label="@string/app_name" >
63-->laneco_private_code_java\com.laneco.readandbill\AndroidManifest.xml:34:15-47
64            <intent-filter>
64-->laneco_private_code_java\com.laneco.readandbill\AndroidManifest.xml:35:9-38:25
65                <action android:name="android.intent.action.FIELDFINDINGENTRY" />
65-->laneco_private_code_java\com.laneco.readandbill\AndroidManifest.xml:36:13-78
65-->laneco_private_code_java\com.laneco.readandbill\AndroidManifest.xml:36:21-75
66
67                <category android:name="android.intent.category.DEFAULT" />
67-->laneco_private_code_java\com.laneco.readandbill\AndroidManifest.xml:31:13-72
67-->laneco_private_code_java\com.laneco.readandbill\AndroidManifest.xml:31:23-69
68            </intent-filter>
69        </activity>
70        <activity
70-->laneco_private_code_java\com.laneco.readandbill\AndroidManifest.xml:40:5-45:16
71            android:name="com.laneco.readandbill.MyConsumerList"
71-->laneco_private_code_java\com.laneco.readandbill\AndroidManifest.xml:40:73-125
72            android:exported="true"
72-->laneco_private_code_java\com.laneco.readandbill\AndroidManifest.xml:40:49-72
73            android:label="@string/app_name" >
73-->laneco_private_code_java\com.laneco.readandbill\AndroidManifest.xml:40:15-47
74            <intent-filter>
74-->laneco_private_code_java\com.laneco.readandbill\AndroidManifest.xml:41:9-44:25
75                <action android:name="android.intent.action.CONSUMERLIST" />
75-->laneco_private_code_java\com.laneco.readandbill\AndroidManifest.xml:42:13-73
75-->laneco_private_code_java\com.laneco.readandbill\AndroidManifest.xml:42:21-70
76
77                <category android:name="android.intent.category.DEFAULT" />
77-->laneco_private_code_java\com.laneco.readandbill\AndroidManifest.xml:31:13-72
77-->laneco_private_code_java\com.laneco.readandbill\AndroidManifest.xml:31:23-69
78            </intent-filter>
79        </activity>
80        <activity
80-->laneco_private_code_java\com.laneco.readandbill\AndroidManifest.xml:46:5-51:16
81            android:name="com.laneco.readandbill.SummaryList"
81-->laneco_private_code_java\com.laneco.readandbill\AndroidManifest.xml:46:73-122
82            android:exported="true"
82-->laneco_private_code_java\com.laneco.readandbill\AndroidManifest.xml:46:49-72
83            android:label="@string/app_name" >
83-->laneco_private_code_java\com.laneco.readandbill\AndroidManifest.xml:46:15-47
84            <intent-filter>
84-->laneco_private_code_java\com.laneco.readandbill\AndroidManifest.xml:47:9-50:25
85                <action android:name="android.intent.action.SUMMARY" />
85-->laneco_private_code_java\com.laneco.readandbill\AndroidManifest.xml:48:13-68
85-->laneco_private_code_java\com.laneco.readandbill\AndroidManifest.xml:48:21-65
86
87                <category android:name="android.intent.category.DEFAULT" />
87-->laneco_private_code_java\com.laneco.readandbill\AndroidManifest.xml:31:13-72
87-->laneco_private_code_java\com.laneco.readandbill\AndroidManifest.xml:31:23-69
88            </intent-filter>
89        </activity>
90        <activity
90-->laneco_private_code_java\com.laneco.readandbill\AndroidManifest.xml:52:5-57:16
91            android:name="com.lamerman.FileDialog"
91-->laneco_private_code_java\com.laneco.readandbill\AndroidManifest.xml:52:73-111
92            android:exported="true"
92-->laneco_private_code_java\com.laneco.readandbill\AndroidManifest.xml:52:48-71
93            android:label="@string/app_name" >
93-->laneco_private_code_java\com.laneco.readandbill\AndroidManifest.xml:52:15-47
94            <intent-filter>
94-->laneco_private_code_java\com.laneco.readandbill\AndroidManifest.xml:53:9-56:25
95                <action android:name="android.intent.action.FILEDIALOG" />
95-->laneco_private_code_java\com.laneco.readandbill\AndroidManifest.xml:54:13-71
95-->laneco_private_code_java\com.laneco.readandbill\AndroidManifest.xml:54:21-68
96
97                <category android:name="android.intent.category.DEFAULT" />
97-->laneco_private_code_java\com.laneco.readandbill\AndroidManifest.xml:31:13-72
97-->laneco_private_code_java\com.laneco.readandbill\AndroidManifest.xml:31:23-69
98            </intent-filter>
99        </activity>
100        <activity
100-->laneco_private_code_java\com.laneco.readandbill\AndroidManifest.xml:58:5-63:16
101            android:name="com.generic.readandbill.BatchPrintingSOA"
101-->laneco_private_code_java\com.laneco.readandbill\AndroidManifest.xml:58:72-127
102            android:exported="true"
102-->laneco_private_code_java\com.laneco.readandbill\AndroidManifest.xml:58:48-71
103            android:label="@string/app_name" >
103-->laneco_private_code_java\com.laneco.readandbill\AndroidManifest.xml:58:15-47
104            <intent-filter>
104-->laneco_private_code_java\com.laneco.readandbill\AndroidManifest.xml:59:9-62:25
105                <action android:name="android.intent.action.BATCHPRINTINGSOA" />
105-->laneco_private_code_java\com.laneco.readandbill\AndroidManifest.xml:60:13-77
105-->laneco_private_code_java\com.laneco.readandbill\AndroidManifest.xml:60:21-74
106
107                <category android:name="android.intent.category.DEFAULT" />
107-->laneco_private_code_java\com.laneco.readandbill\AndroidManifest.xml:31:13-72
107-->laneco_private_code_java\com.laneco.readandbill\AndroidManifest.xml:31:23-69
108            </intent-filter>
109        </activity>
110        <activity android:name="com.androidapp.mytools.AppPreferenceActivity" />
110-->laneco_private_code_java\com.laneco.readandbill\AndroidManifest.xml:64:5-77
110-->laneco_private_code_java\com.laneco.readandbill\AndroidManifest.xml:64:15-74
111    </application>
112
113</manifest>